Using pre-set license
Built from '2020.3/staging' branch; Version is '2020.3.4f1 (0abb6314276a) revision 703331'; Using compiler version '192528614'; Build Type 'Release'
OS: 'Windows 10 Pro; OS build 19042.1348; Version 2009; 64bit' Language: 'ru' Physical Memory: 16318 MB
BatchMode: 1, IsHumanControllingUs: 0, StartBugReporterOnCrash: 0, Is64bit: 1, IsPro: 0

 COMMAND LINE ARGUMENTS:
E:\2020.3.4f1\Editor\Unity.exe
-adb2
-batchMode
-noUpm
-name
AssetImportWorker0
-projectPath
E:/Project/Asset Bundle
-logFile
Logs/AssetImportWorker0.log
-srvPort
60321
Successfully changed project path to: E:/Project/Asset Bundle
E:/Project/Asset Bundle
Using Asset Import Pipeline V2.
Refreshing native plugins compatible for Editor in 31.11 ms, found 0 plugins.
Preloading 0 native plugins for Editor in 0.00 ms.
Initialize engine version: 2020.3.4f1 (0abb6314276a)
[Subsystems] Discovering subsystems at path E:/2020.3.4f1/Editor/Data/Resources/UnitySubsystems
[Subsystems] Discovering subsystems at path E:/Project/Asset Bundle/Assets
GfxDevice: creating device client; threaded=0
Direct3D:
    Version:  Direct3D 11.0 [level 11.1]
    Renderer: NVIDIA GeForce GTX 1660 (ID=0x2184)
    Vendor:   
    VRAM:     5991 MB
    Driver:   30.0.14.9649
Initialize mono
Mono path[0] = 'E:/2020.3.4f1/Editor/Data/Managed'
Mono path[1] = 'E:/2020.3.4f1/Editor/Data/MonoBleedingEdge/lib/mono/unityjit'
Mono config path = 'E:/2020.3.4f1/Editor/Data/MonoBleedingEdge/etc'
Using monoOptions --debugger-agent=transport=dt_socket,embedding=1,server=y,suspend=n,address=127.0.0.1:56388
Begin MonoManager ReloadAssembly
Registering precompiled unity dll's ...
Register platform support module: E:/2020.3.4f1/Editor/Data/PlaybackEngines/WindowsStandaloneSupport/UnityEditor.WindowsStandalone.Extensions.dll
Registered in 0.001248 seconds.
Native extension for WindowsStandalone target not found
Refreshing native plugins compatible for Editor in 32.61 ms, found 0 plugins.
Preloading 0 native plugins for Editor in 0.00 ms.
Mono: successfully reloaded assembly
- Completed reload, in  2.738 seconds
Platform modules already initialized, skipping
Registering precompiled user dll's ...
Registered in 0.000611 seconds.
Begin MonoManager ReloadAssembly
Native extension for WindowsStandalone target not found
Refreshing native plugins compatible for Editor in 0.21 ms, found 0 plugins.
Preloading 0 native plugins for Editor in 0.00 ms.
Mono: successfully reloaded assembly
- Completed reload, in  1.048 seconds
Platform modules already initialized, skipping
========================================================================
Worker process is ready to serve import requests
Launched and connected shader compiler UnityShaderCompiler.exe after 0.07 seconds
Refreshing native plugins compatible for Editor in 0.21 ms, found 0 plugins.
Preloading 0 native plugins for Editor in 0.00 ms.
Unloading 1154 Unused Serialized files (Serialized files now loaded: 0)
System memory in use before: 59.9 MB.
System memory in use after: 59.9 MB.

Unloading 10 unused Assets to reduce memory usage. Loaded Objects now: 1596.
Total: 2.379300 ms (FindLiveObjects: 0.140100 ms CreateObjectMapping: 0.132100 ms MarkObjects: 2.015700 ms  DeleteObjects: 0.090100 ms)

========================================================================
Received Import Request.
  path: Assets/AssetBundleViewBase.cs
  artifactKey: Guid(9d9e6f432b2768f42843ca474c0331c7) Importer(815301076,1909f56bfc062723c751e8b465ee728b)
Start importing Assets/AssetBundleViewBase.cs using Guid(9d9e6f432b2768f42843ca474c0331c7) Importer(815301076,1909f56bfc062723c751e8b465ee728b)  -> (artifact id: '2d61db4dc94f42e4cef853a891d74394') in 0.071112 seconds
  Import took 0.073062 seconds .

========================================================================
Received Import Request.
  Time since last request: 75.166963 seconds.
  path: Assets/AssetBundleViewBase.cs
  artifactKey: Guid(9d9e6f432b2768f42843ca474c0331c7) Importer(815301076,1909f56bfc062723c751e8b465ee728b)
Start importing Assets/AssetBundleViewBase.cs using Guid(9d9e6f432b2768f42843ca474c0331c7) Importer(815301076,1909f56bfc062723c751e8b465ee728b)  -> (artifact id: '16b8227f3a0df53e79c5d2626dc21f8a') in 0.002178 seconds
  Import took 0.005004 seconds .

========================================================================
Received Import Request.
  Time since last request: 121.688139 seconds.
  path: Assets/AssetBundleViewBase.cs
  artifactKey: Guid(9d9e6f432b2768f42843ca474c0331c7) Importer(815301076,1909f56bfc062723c751e8b465ee728b)
Start importing Assets/AssetBundleViewBase.cs using Guid(9d9e6f432b2768f42843ca474c0331c7) Importer(815301076,1909f56bfc062723c751e8b465ee728b)  -> (artifact id: 'cb4ee8dc8b2481aee3081f51126ecb35') in 0.003357 seconds
  Import took 0.006629 seconds .

========================================================================
Received Import Request.
  Time since last request: 47.599911 seconds.
  path: Assets/AssetBundleViewBase.cs
  artifactKey: Guid(9d9e6f432b2768f42843ca474c0331c7) Importer(815301076,1909f56bfc062723c751e8b465ee728b)
Start importing Assets/AssetBundleViewBase.cs using Guid(9d9e6f432b2768f42843ca474c0331c7) Importer(815301076,1909f56bfc062723c751e8b465ee728b)  -> (artifact id: 'b287a27b106eceac9cce9f2bd7a90d55') in 0.003309 seconds
  Import took 0.007062 seconds .

========================================================================
Received Import Request.
  Time since last request: 37.047500 seconds.
  path: Assets/AssetBundleViewBase.cs
  artifactKey: Guid(9d9e6f432b2768f42843ca474c0331c7) Importer(815301076,1909f56bfc062723c751e8b465ee728b)
Start importing Assets/AssetBundleViewBase.cs using Guid(9d9e6f432b2768f42843ca474c0331c7) Importer(815301076,1909f56bfc062723c751e8b465ee728b)  -> (artifact id: 'e6ddbcc8068497dc80dba334c68e7c26') in 0.002365 seconds
  Import took 0.004776 seconds .

========================================================================
Received Import Request.
  Time since last request: 42.247821 seconds.
  path: Assets/AssetBundleViewBase.cs
  artifactKey: Guid(9d9e6f432b2768f42843ca474c0331c7) Importer(815301076,1909f56bfc062723c751e8b465ee728b)
Start importing Assets/AssetBundleViewBase.cs using Guid(9d9e6f432b2768f42843ca474c0331c7) Importer(815301076,1909f56bfc062723c751e8b465ee728b)  -> (artifact id: '077e3681660c4da70ff90fdb109e9186') in 0.002712 seconds
  Import took 0.005078 seconds .

========================================================================
Received Import Request.
  Time since last request: 41.610023 seconds.
  path: Assets/AssetBundleViewBase.cs
  artifactKey: Guid(9d9e6f432b2768f42843ca474c0331c7) Importer(815301076,1909f56bfc062723c751e8b465ee728b)
Start importing Assets/AssetBundleViewBase.cs using Guid(9d9e6f432b2768f42843ca474c0331c7) Importer(815301076,1909f56bfc062723c751e8b465ee728b)  -> (artifact id: 'e7710dd6ead56d02d3f7e7d5ac74b542') in 0.002660 seconds
  Import took 0.004954 seconds .

========================================================================
Received Import Request.
  Time since last request: 87.215923 seconds.
  path: Assets/AssetBundleViewBase.cs
  artifactKey: Guid(9d9e6f432b2768f42843ca474c0331c7) Importer(815301076,1909f56bfc062723c751e8b465ee728b)
Start importing Assets/AssetBundleViewBase.cs using Guid(9d9e6f432b2768f42843ca474c0331c7) Importer(815301076,1909f56bfc062723c751e8b465ee728b)  -> (artifact id: 'ecf251e8aecb40c47203b6ffae01ee32') in 0.002020 seconds
  Import took 0.004397 seconds .

AssetImportWorkerClient::OnTransportError - code=2 error=End of file
